<?xml version="1.0" encoding="UTF-8"?>
<!-- Generated by org.testng.reporters.JUnitReportReporter -->
<testsuite skipped="1" hostname="PC039ZCQ" name="Test.UserTest" tests="1" failures="0" timestamp="2020-09-12T21:28:47 PDT" time="0.000" errors="0">
  <testcase name="userTest" time="0.000" classname="Test.UserTest">
    <skipped/>
  </testcase> <!-- userTest -->
  <system-out/>
</testsuite> <!-- Test.UserTest -->
