<<<<<<< HEAD
<?xml version="1.0" encoding="UTF-8"?>
<!-- Generated by org.testng.reporters.JUnitReportReporter -->
<testsuite hostname="PC039ZCQ" name="Test.BaseTest" tests="1" failures="0" timestamp="29 Aug 2020 04:15:00 GMT" time="12.221" errors="0">
  <testcase name="setup" time="12.221" classname="Test.BaseTest"/>
</testsuite> <!-- Test.BaseTest -->
=======
<?xml version="1.0" encoding="UTF-8"?>
<!-- Generated by org.testng.reporters.JUnitReportReporter -->
<testsuite hostname="PC039ZCQ" name="Test.BaseTest" tests="1" failures="0" timestamp="29 Aug 2020 04:15:00 GMT" time="12.221" errors="0">
  <testcase name="setup" time="12.221" classname="Test.BaseTest"/>
</testsuite> <!-- Test.BaseTest -->
>>>>>>> branch 'master' of https://github.com/sheetalkotwal/FirstRepo.git
